<?xml version='1.0' encoding='UTF-8'?>
<testsuite hostname="globalcode-labs" name="CalcSpec" tests="5" errors="0" failures="0" time="0.159">
                     <properties>
[...]
</properties>
                     <testcase classname="CalcSpec" name="minha calculadora::subtrair valores" time="0.072">
                                                 
                                               </testcase><testcase classname="CalcSpec" name="minha calculadora::somar valores" time="0.071">
                                                 
                                               </testcase><testcase classname="CalcSpec" name="minha calculadora::dividir valores" time="0.006">
                                                 
                                               </testcase><testcase classname="CalcSpec" name="minha calculadora::multiplicar valores" time="0.007">
                                                 
                                               </testcase><testcase classname="CalcSpec" name="minha calculadora::resto da divisao" time="0.003">
                                                 
                                               </testcase>
                     <system-out></system-out>
                     <system-err></system-err>
                   </testsuite>