<?xml version='1.0' encoding='UTF-8'?>
<testsuite hostname="globalcode-labs" name="corescala.AlunoXMLSpec" tests="1" errors="0" failures="0" time="0.157">
                     <properties>
[...]
</properties>
                     <testcase classname="corescala.AlunoXMLSpec" name="geracao de xmls de alunos::gerar a lista completa" time="0.157">
                                                 
                                               </testcase>
                     <system-out></system-out>
                     <system-err></system-err>
                   </testsuite>